<?xml version="1.0" encoding="UTF-8"?>
<coverage generated="1668599564066" clover="3.2.0">
  <project timestamp="1668599564066" name="All files">
    <metrics statements="19" coveredstatements="10" conditionals="3" coveredconditionals="0" methods="10" coveredmethods="5" elements="32" coveredelements="15" complexity="0" loc="19" ncloc="19" packages="1" files="3" classes="3"/>
    <file name="account.js" path="/Users/paulinejdavis/Documents/bank_tech_test/lib/account.js">
      <metrics statements="4" coveredstatements="4" conditionals="0" coveredconditionals="0" methods="3" coveredmethods="3"/>
      <line num="3" count="3" type="stmt"/>
      <line num="6" count="3" type="stmt"/>
      <line num="9" count="4" type="stmt"/>
      <line num="13" count="1" type="stmt"/>
    </file>
    <file name="statement.js" path="/Users/paulinejdavis/Documents/bank_tech_test/lib/statement.js">
      <metrics statements="11" coveredstatements="5" conditionals="3" coveredconditionals="0" methods="5" coveredmethods="2"/>
      <line num="3" count="1" type="stmt"/>
      <line num="6" count="0" type="stmt"/>
      <line num="19" count="1" type="stmt"/>
      <line num="20" count="1" type="stmt"/>
      <line num="21" count="0" type="cond" truecount="0" falsecount="2"/>
      <line num="22" count="0" type="stmt"/>
      <line num="24" count="0" type="stmt"/>
      <line num="27" count="1" type="stmt"/>
      <line num="37" count="0" type="stmt"/>
      <line num="38" count="0" type="stmt"/>
      <line num="42" count="1" type="stmt"/>
    </file>
    <file name="transaction.js" path="/Users/paulinejdavis/Documents/bank_tech_test/lib/transaction.js">
      <metrics statements="4" coveredstatements="1" conditionals="0" coveredconditionals="0" methods="2" coveredmethods="0"/>
      <line num="3" count="0" type="stmt"/>
      <line num="4" count="0" type="stmt"/>
      <line num="8" count="0" type="stmt"/>
      <line num="32" count="1" type="stmt"/>
    </file>
  </project>
</coverage>
