TN:
SF:lib/account.js
FN:2,(anonymous_0)
FN:5,(anonymous_1)
FN:8,(anonymous_2)
FNF:3
FNH:3
FNDA:3,(anonymous_0)
FNDA:3,(anonymous_1)
FNDA:4,(anonymous_2)
DA:3,3
DA:6,3
DA:9,4
DA:13,1
LF:4
LH:4
BRF:0
BRH:0
end_of_record
TN:
SF:lib/statement.js
FN:2,(anonymous_0)
FN:5,(anonymous_1)
FN:18,(anonymous_2)
FN:20,(anonymous_3)
FN:36,(anonymous_4)
FNF:5
FNH:2
FNDA:1,(anonymous_0)
FNDA:0,(anonymous_1)
FNDA:1,(anonymous_2)
FNDA:0,(anonymous_3)
FNDA:0,(anonymous_4)
DA:3,1
DA:6,0
DA:19,1
DA:20,1
DA:21,0
DA:22,0
DA:24,0
DA:27,1
DA:37,0
DA:38,0
DA:42,1
LF:11
LH:5
BRDA:21,0,0,0
BRDA:21,0,1,0
BRDA:36,1,0,0
BRF:3
BRH:0
end_of_record
TN:
SF:lib/transaction.js
FN:2,(anonymous_0)
FN:7,(anonymous_1)
FNF:2
FNH:0
FNDA:0,(anonymous_0)
FNDA:0,(anonymous_1)
DA:3,0
DA:4,0
DA:8,0
DA:32,1
LF:4
LH:1
BRF:0
BRH:0
end_of_record
